# JRE version: Java(TM) SE Runtime Environment (7.0_79-b15) (build 1.7.0_79-b15)
# Java VM: Java HotSpot(TM) 64-Bit Server VM (24.79-b02 mixed mode windows-amd64 compressed oops)
Heap
 PSYoungGen      total 702464K, used 80848K [0x00000007aaa80000, 0x00000007de800000, 0x0000000800000000)
  eden space 682496K, 11% used [0x00000007aaa80000,0x00000007af974318,0x00000007d4500000)
  from space 19968K, 0% used [0x00000007d4500000,0x00000007d4500000,0x00000007d5880000)
  to   space 83456K, 0% used [0x00000007d9680000,0x00000007d9680000,0x00000007de800000)
 ParOldGen       total 310272K, used 65179K [0x0000000700000000, 0x0000000712f00000, 0x00000007aaa80000)
  object space 310272K, 21% used [0x0000000700000000,0x0000000703fa6e00,0x0000000712f00000)
 PSPermGen       total 116736K, used 60858K [0x00000006ea200000, 0x00000006f1400000, 0x0000000700000000)
  object space 116736K, 52% used [0x00000006ea200000,0x00000006edd6ea98,0x00000006f1400000)
GC Heap History (10 events):
Event: 4794.785 GC heap before
{Heap before GC invocations=17 (full 2):
 PSYoungGen      total 525824K, used 470496K [0x00000007aaa80000, 0x00000007df180000, 0x0000000800000000)
  eden space 430592K, 100% used [0x00000007aaa80000,0x00000007c4f00000,0x00000007c4f00000)
  from space 95232K, 41% used [0x00000007ca880000,0x00000007ccf78000,0x00000007d0580000)
  to   space 91648K, 0% used [0x00000007c4f00000,0x00000007c4f00000,0x00000007ca880000)
 ParOldGen       total 310272K, used 206798K [0x0000000700000000, 0x0000000712f00000, 0x00000007aaa80000)
  object space 310272K, 66% used [0x0000000700000000,0x000000070c9f39a0,0x0000000712f00000)
 PSPermGen       total 118272K, used 58564K [0x00000006ea200000, 0x00000006f1580000, 0x0000000700000000)
  object space 118272K, 49% used [0x00000006ea200000,0x00000006edb31248,0x00000006f1580000)
Event: 4795.038 GC heap after
Heap after GC invocations=17 (full 2):
 PSYoungGen      total 522240K, used 19245K [0x00000007aaa80000, 0x00000007df200000, 0x0000000800000000)
  eden space 430592K, 0% used [0x00000007aaa80000,0x00000007aaa80000,0x00000007c4f00000)
  from space 91648K, 20% used [0x00000007c4f00000,0x00000007c61cb6b8,0x00000007ca880000)
  to   space 88576K, 0% used [0x00000007d9b80000,0x00000007d9b80000,0x00000007df200000)
 ParOldGen       total 310272K, used 246838K [0x0000000700000000, 0x0000000712f00000, 0x00000007aaa80000)
  object space 310272K, 79% used [0x0000000700000000,0x000000070f10d9a0,0x0000000712f00000)
 PSPermGen       total 118272K, used 58564K [0x00000006ea200000, 0x00000006f1580000, 0x0000000700000000)
  object space 118272K, 49% used [0x00000006ea200000,0x00000006edb31248,0x00000006f1580000)
}
Event: 4943.489 GC heap before
{Heap before GC invocations=18 (full 2):
 PSYoungGen      total 522240K, used 283297K [0x00000007aaa80000, 0x00000007df200000, 0x0000000800000000)
  eden space 430592K, 61% used [0x00000007aaa80000,0x00000007bac5ce78,0x00000007c4f00000)
  from space 91648K, 20% used [0x00000007c4f00000,0x00000007c61cb6b8,0x00000007ca880000)
  to   space 88576K, 0% used [0x00000007d9b80000,0x00000007d9b80000,0x00000007df200000)
 ParOldGen       total 310272K, used 246838K [0x0000000700000000, 0x0000000712f00000, 0x00000007aaa80000)
  object space 310272K, 79% used [0x0000000700000000,0x000000070f10d9a0,0x0000000712f00000)
 PSPermGen       total 118272K, used 60055K [0x00000006ea200000, 0x00000006f1580000, 0x0000000700000000)
  object space 118272K, 50% used [0x00000006ea200000,0x00000006edca5f48,0x00000006f1580000)
Event: 4952.261 GC heap after
Heap after GC invocations=18 (full 2):
 PSYoungGen      total 769024K, used 5194K [0x00000007aaa80000, 0x00000007df000000, 0x0000000800000000)
  eden space 682496K, 0% used [0x00000007aaa80000,0x00000007aaa80000,0x00000007d4500000)
  from space 86528K, 6% used [0x00000007d9b80000,0x00000007da092950,0x00000007df000000)
  to   space 87552K, 0% used [0x00000007d4500000,0x00000007d4500000,0x00000007d9a80000)
 ParOldGen       total 310272K, used 260878K [0x0000000700000000, 0x0000000712f00000, 0x00000007aaa80000)
  object space 310272K, 84% used [0x0000000700000000,0x000000070fec39a0,0x0000000712f00000)
 PSPermGen       total 118272K, used 60055K [0x00000006ea200000, 0x00000006f1580000, 0x0000000700000000)
  object space 118272K, 50% used [0x00000006ea200000,0x00000006edca5f48,0x00000006f1580000)
}
Event: 4952.261 GC heap before
{Heap before GC invocations=19 (full 3):
 PSYoungGen      total 769024K, used 5194K [0x00000007aaa80000, 0x00000007df000000, 0x0000000800000000)
  eden space 682496K, 0% used [0x00000007aaa80000,0x00000007aaa80000,0x00000007d4500000)
  from space 86528K, 6% used [0x00000007d9b80000,0x00000007da092950,0x00000007df000000)
  to   space 87552K, 0% used [0x00000007d4500000,0x00000007d4500000,0x00000007d9a80000)
 ParOldGen       total 310272K, used 260878K [0x0000000700000000, 0x0000000712f00000, 0x00000007aaa80000)
  object space 310272K, 84% used [0x0000000700000000,0x000000070fec39a0,0x0000000712f00000)
 PSPermGen       total 118272K, used 60055K [0x00000006ea200000, 0x00000006f1580000, 0x0000000700000000)
  object space 118272K, 50% used [0x00000006ea200000,0x00000006edca5f48,0x00000006f1580000)
Event: 4953.562 GC heap after
Heap after GC invocations=19 (full 3):
 PSYoungGen      total 769024K, used 0K [0x00000007aaa80000, 0x00000007df000000, 0x0000000800000000)
  eden space 682496K, 0% used [0x00000007aaa80000,0x00000007aaa80000,0x00000007d4500000)
  from space 86528K, 0% used [0x00000007d9b80000,0x00000007d9b80000,0x00000007df000000)
  to   space 87552K, 0% used [0x00000007d4500000,0x00000007d4500000,0x00000007d9a80000)
 ParOldGen       total 310272K, used 49070K [0x0000000700000000, 0x0000000712f00000, 0x00000007aaa80000)
  object space 310272K, 15% used [0x0000000700000000,0x0000000702feb838,0x0000000712f00000)
 PSPermGen       total 119296K, used 59747K [0x00000006ea200000, 0x00000006f1680000, 0x0000000700000000)
  object space 119296K, 50% used [0x00000006ea200000,0x00000006edc58e80,0x00000006f1680000)
}
Event: 5595.279 GC heap before
{Heap before GC invocations=20 (full 3):
 PSYoungGen      total 769024K, used 678231K [0x00000007aaa80000, 0x00000007df000000, 0x0000000800000000)
  eden space 682496K, 99% used [0x00000007aaa80000,0x00000007d40d5e20,0x00000007d4500000)
  from space 86528K, 0% used [0x00000007d9b80000,0x00000007d9b80000,0x00000007df000000)
  to   space 87552K, 0% used [0x00000007d4500000,0x00000007d4500000,0x00000007d9a80000)
 ParOldGen       total 310272K, used 49070K [0x0000000700000000, 0x0000000712f00000, 0x00000007aaa80000)
  object space 310272K, 15% used [0x0000000700000000,0x0000000702feb838,0x0000000712f00000)
 PSPermGen       total 119296K, used 60747K [0x00000006ea200000, 0x00000006f1680000, 0x0000000700000000)
  object space 119296K, 50% used [0x00000006ea200000,0x00000006edd52ee0,0x00000006f1680000)
Event: 5595.364 GC heap after
Heap after GC invocations=20 (full 3):
 PSYoungGen      total 702464K, used 19921K [0x00000007aaa80000, 0x00000007de800000, 0x0000000800000000)
  eden space 682496K, 0% used [0x00000007aaa80000,0x00000007aaa80000,0x00000007d4500000)
  from space 19968K, 99% used [0x00000007d4500000,0x00000007d5874470,0x00000007d5880000)
  to   space 83456K, 0% used [0x00000007d9680000,0x00000007d9680000,0x00000007de800000)
 ParOldGen       total 310272K, used 49070K [0x0000000700000000, 0x0000000712f00000, 0x00000007aaa80000)
  object space 310272K, 15% used [0x0000000700000000,0x0000000702feb838,0x0000000712f00000)
 PSPermGen       total 119296K, used 60747K [0x00000006ea200000, 0x00000006f1680000, 0x0000000700000000)
  object space 119296K, 50% used [0x00000006ea200000,0x00000006edd52ee0,0x00000006f1680000)
}
Event: 5595.364 GC heap before
{Heap before GC invocations=21 (full 4):
 PSYoungGen      total 702464K, used 19921K [0x00000007aaa80000, 0x00000007de800000, 0x0000000800000000)
  eden space 682496K, 0% used [0x00000007aaa80000,0x00000007aaa80000,0x00000007d4500000)
  from space 19968K, 99% used [0x00000007d4500000,0x00000007d5874470,0x00000007d5880000)
  to   space 83456K, 0% used [0x00000007d9680000,0x00000007d9680000,0x00000007de800000)
 ParOldGen       total 310272K, used 49070K [0x0000000700000000, 0x0000000712f00000, 0x00000007aaa80000)
  object space 310272K, 15% used [0x0000000700000000,0x0000000702feb838,0x0000000712f00000)
 PSPermGen       total 119296K, used 60747K [0x00000006ea200000, 0x00000006f1680000, 0x0000000700000000)
  object space 119296K, 50% used [0x00000006ea200000,0x00000006edd52ee0,0x00000006f1680000)
Event: 5597.083 GC heap after
Heap after GC invocations=21 (full 4):
 PSYoungGen      total 702464K, used 0K [0x00000007aaa80000, 0x00000007de800000, 0x0000000800000000)
  eden space 682496K, 0% used [0x00000007aaa80000,0x00000007aaa80000,0x00000007d4500000)
  from space 19968K, 0% used [0x00000007d4500000,0x00000007d4500000,0x00000007d5880000)
  to   space 83456K, 0% used [0x00000007d9680000,0x00000007d9680000,0x00000007de800000)
 ParOldGen       total 310272K, used 65179K [0x0000000700000000, 0x0000000712f00000, 0x00000007aaa80000)
  object space 310272K, 21% used [0x0000000700000000,0x0000000703fa6e00,0x0000000712f00000)
 PSPermGen       total 116736K, used 60746K [0x00000006ea200000, 0x00000006f1400000, 0x0000000700000000)
  object space 116736K, 52% used [0x00000006ea200000,0x00000006edd529e0,0x00000006f1400000)
}

