# JRE version: Java(TM) SE Runtime Environment (7.0_79-b15) (build 1.7.0_79-b15)
# Java VM: Java HotSpot(TM) 64-Bit Server VM (24.79-b02 mixed mode windows-amd64 compressed oops)
Heap
 PSYoungGen      total 517120K, used 34285K [0x00000007aaa80000, 0x00000007d4d80000, 0x0000000800000000)
  eden space 482816K, 0% used [0x00000007aaa80000,0x00000007aaa80000,0x00000007c8200000)
  from space 34304K, 99% used [0x00000007c8200000,0x00000007ca37b5d0,0x00000007ca380000)
  to   space 82432K, 0% used [0x00000007cfd00000,0x00000007cfd00000,0x00000007d4d80000)
 ParOldGen       total 212992K, used 212483K [0x0000000700000000, 0x000000070d000000, 0x00000007aaa80000)
  object space 212992K, 99% used [0x0000000700000000,0x000000070cf80f38,0x000000070d000000)
 PSPermGen       total 83968K, used 62142K [0x00000006fae00000, 0x0000000700000000, 0x0000000700000000)
  object space 83968K, 74% used [0x00000006fae00000,0x00000006feaafb78,0x0000000700000000)
GC Heap History (10 events):
Event: 283.768 GC heap after
Heap after GC invocations=33 (full 3):
 PSYoungGen      total 527872K, used 9040K [0x00000007aaa80000, 0x00000007cc500000, 0x0000000800000000)
  eden space 505344K, 0% used [0x00000007aaa80000,0x00000007aaa80000,0x00000007c9800000)
  from space 22528K, 40% used [0x00000007cad00000,0x00000007cb5d4020,0x00000007cc300000)
  to   space 21504K, 0% used [0x00000007c9800000,0x00000007c9800000,0x00000007cad00000)
 ParOldGen       total 140288K, used 95232K [0x0000000700000000, 0x0000000708900000, 0x00000007aaa80000)
  object space 140288K, 67% used [0x0000000700000000,0x0000000705d00390,0x0000000708900000)
 PSPermGen       total 83968K, used 52654K [0x00000006fae00000, 0x0000000700000000, 0x0000000700000000)
  object space 83968K, 62% used [0x00000006fae00000,0x00000006fe16b980,0x0000000700000000)
}
Event: 337.700 GC heap before
{Heap before GC invocations=34 (full 3):
 PSYoungGen      total 527872K, used 487978K [0x00000007aaa80000, 0x00000007cc500000, 0x0000000800000000)
  eden space 505344K, 94% used [0x00000007aaa80000,0x00000007c7e36990,0x00000007c9800000)
  from space 22528K, 40% used [0x00000007cad00000,0x00000007cb5d4020,0x00000007cc300000)
  to   space 21504K, 0% used [0x00000007c9800000,0x00000007c9800000,0x00000007cad00000)
 ParOldGen       total 140288K, used 95232K [0x0000000700000000, 0x0000000708900000, 0x00000007aaa80000)
  object space 140288K, 67% used [0x0000000700000000,0x0000000705d00390,0x0000000708900000)
 PSPermGen       total 83968K, used 56368K [0x00000006fae00000, 0x0000000700000000, 0x0000000700000000)
  object space 83968K, 67% used [0x00000006fae00000,0x00000006fe50c000,0x0000000700000000)
Event: 338.946 GC heap after
Heap after GC invocations=34 (full 3):
 PSYoungGen      total 526848K, used 13801K [0x00000007aaa80000, 0x00000007cc500000, 0x0000000800000000)
  eden space 505344K, 0% used [0x00000007aaa80000,0x00000007aaa80000,0x00000007c9800000)
  from space 21504K, 64% used [0x00000007c9800000,0x00000007ca57a7a8,0x00000007cad00000)
  to   space 21504K, 0% used [0x00000007cb000000,0x00000007cb000000,0x00000007cc500000)
 ParOldGen       total 140288K, used 95240K [0x0000000700000000, 0x0000000708900000, 0x00000007aaa80000)
  object space 140288K, 67% used [0x0000000700000000,0x0000000705d02390,0x0000000708900000)
 PSPermGen       total 83968K, used 56368K [0x00000006fae00000, 0x0000000700000000, 0x0000000700000000)
  object space 83968K, 67% used [0x00000006fae00000,0x00000006fe50c000,0x0000000700000000)
}
Event: 338.968 GC heap before
{Heap before GC invocations=35 (full 4):
 PSYoungGen      total 526848K, used 13801K [0x00000007aaa80000, 0x00000007cc500000, 0x0000000800000000)
  eden space 505344K, 0% used [0x00000007aaa80000,0x00000007aaa80000,0x00000007c9800000)
  from space 21504K, 64% used [0x00000007c9800000,0x00000007ca57a7a8,0x00000007cad00000)
  to   space 21504K, 0% used [0x00000007cb000000,0x00000007cb000000,0x00000007cc500000)
 ParOldGen       total 140288K, used 95240K [0x0000000700000000, 0x0000000708900000, 0x00000007aaa80000)
  object space 140288K, 67% used [0x0000000700000000,0x0000000705d02390,0x0000000708900000)
 PSPermGen       total 83968K, used 56368K [0x00000006fae00000, 0x0000000700000000, 0x0000000700000000)
  object space 83968K, 67% used [0x00000006fae00000,0x00000006fe50c000,0x0000000700000000)
Event: 347.560 GC heap after
Heap after GC invocations=35 (full 4):
 PSYoungGen      total 526848K, used 0K [0x00000007aaa80000, 0x00000007cc500000, 0x0000000800000000)
  eden space 505344K, 0% used [0x00000007aaa80000,0x00000007aaa80000,0x00000007c9800000)
  from space 21504K, 0% used [0x00000007c9800000,0x00000007c9800000,0x00000007cad00000)
  to   space 21504K, 0% used [0x00000007cb000000,0x00000007cb000000,0x00000007cc500000)
 ParOldGen       total 140288K, used 72158K [0x0000000700000000, 0x0000000708900000, 0x00000007aaa80000)
  object space 140288K, 51% used [0x0000000700000000,0x0000000704677b98,0x0000000708900000)
 PSPermGen       total 83968K, used 56365K [0x00000006fae00000, 0x0000000700000000, 0x0000000700000000)
  object space 83968K, 67% used [0x00000006fae00000,0x00000006fe50b400,0x0000000700000000)
}
Event: 12919.215 GC heap before
{Heap before GC invocations=36 (full 4):
 PSYoungGen      total 526848K, used 505344K [0x00000007aaa80000, 0x00000007cc500000, 0x0000000800000000)
  eden space 505344K, 100% used [0x00000007aaa80000,0x00000007c9800000,0x00000007c9800000)
  from space 21504K, 0% used [0x00000007c9800000,0x00000007c9800000,0x00000007cad00000)
  to   space 21504K, 0% used [0x00000007cb000000,0x00000007cb000000,0x00000007cc500000)
 ParOldGen       total 140288K, used 72158K [0x0000000700000000, 0x0000000708900000, 0x00000007aaa80000)
  object space 140288K, 51% used [0x0000000700000000,0x0000000704677b98,0x0000000708900000)
 PSPermGen       total 83968K, used 60782K [0x00000006fae00000, 0x0000000700000000, 0x0000000700000000)
  object space 83968K, 72% used [0x00000006fae00000,0x00000006fe95b980,0x0000000700000000)
Event: 12923.377 GC heap after
Heap after GC invocations=36 (full 4):
 PSYoungGen      total 503808K, used 21492K [0x00000007aaa80000, 0x00000007cc500000, 0x0000000800000000)
  eden space 482304K, 0% used [0x00000007aaa80000,0x00000007aaa80000,0x00000007c8180000)
  from space 21504K, 99% used [0x00000007cb000000,0x00000007cc4fd038,0x00000007cc500000)
  to   space 34304K, 0% used [0x00000007c8200000,0x00000007c8200000,0x00000007ca380000)
 ParOldGen       total 140288K, used 97948K [0x0000000700000000, 0x0000000708900000, 0x00000007aaa80000)
  object space 140288K, 69% used [0x0000000700000000,0x0000000705fa7338,0x0000000708900000)
 PSPermGen       total 83968K, used 60782K [0x00000006fae00000, 0x0000000700000000, 0x0000000700000000)
  object space 83968K, 72% used [0x00000006fae00000,0x00000006fe95b980,0x0000000700000000)
}
Event: 12961.736 GC heap before
{Heap before GC invocations=37 (full 4):
 PSYoungGen      total 503808K, used 503796K [0x00000007aaa80000, 0x00000007cc500000, 0x0000000800000000)
  eden space 482304K, 100% used [0x00000007aaa80000,0x00000007c8180000,0x00000007c8180000)
  from space 21504K, 99% used [0x00000007cb000000,0x00000007cc4fd038,0x00000007cc500000)
  to   space 34304K, 0% used [0x00000007c8200000,0x00000007c8200000,0x00000007ca380000)
 ParOldGen       total 140288K, used 97948K [0x0000000700000000, 0x0000000708900000, 0x00000007aaa80000)
  object space 140288K, 69% used [0x0000000700000000,0x0000000705fa7338,0x0000000708900000)
 PSPermGen       total 83968K, used 62142K [0x00000006fae00000, 0x0000000700000000, 0x0000000700000000)
  object space 83968K, 74% used [0x00000006fae00000,0x00000006feaafb78,0x0000000700000000)
Event: 12963.262 GC heap after
Heap after GC invocations=37 (full 4):
 PSYoungGen      total 517120K, used 34285K [0x00000007aaa80000, 0x00000007d4d80000, 0x0000000800000000)
  eden space 482816K, 0% used [0x00000007aaa80000,0x00000007aaa80000,0x00000007c8200000)
  from space 34304K, 99% used [0x00000007c8200000,0x00000007ca37b5d0,0x00000007ca380000)
  to   space 82432K, 0% used [0x00000007cfd00000,0x00000007cfd00000,0x00000007d4d80000)
 ParOldGen       total 212992K, used 212483K [0x0000000700000000, 0x000000070d000000, 0x00000007aaa80000)
  object space 212992K, 99% used [0x0000000700000000,0x000000070cf80f38,0x000000070d000000)
 PSPermGen       total 83968K, used 62142K [0x00000006fae00000, 0x0000000700000000, 0x0000000700000000)
  object space 83968K, 74% used [0x00000006fae00000,0x00000006feaafb78,0x0000000700000000)
}
Event: 12963.277 GC heap before
{Heap before GC invocations=38 (full 5):
 PSYoungGen      total 517120K, used 34285K [0x00000007aaa80000, 0x00000007d4d80000, 0x0000000800000000)
  eden space 482816K, 0% used [0x00000007aaa80000,0x00000007aaa80000,0x00000007c8200000)
  from space 34304K, 99% used [0x00000007c8200000,0x00000007ca37b5d0,0x00000007ca380000)
  to   space 82432K, 0% used [0x00000007cfd00000,0x00000007cfd00000,0x00000007d4d80000)
 ParOldGen       total 212992K, used 212483K [0x0000000700000000, 0x000000070d000000, 0x00000007aaa80000)
  object space 212992K, 99% used [0x0000000700000000,0x000000070cf80f38,0x000000070d000000)
 PSPermGen       total 83968K, used 62142K [0x00000006fae00000, 0x0000000700000000, 0x0000000700000000)
  object space 83968K, 74% used [0x00000006fae00000,0x00000006feaafb78,0x0000000700000000)

