# JRE version: Java(TM) SE Runtime Environment (7.0_79-b15) (build 1.7.0_79-b15)
# Java VM: Java HotSpot(TM) 64-Bit Server VM (24.79-b02 mixed mode windows-amd64 compressed oops)
Heap
 PSYoungGen      total 932352K, used 117056K [0x00000007aaa80000, 0x0000000800000000, 0x0000000800000000)
  eden space 466432K, 8% used [0x00000007aaa80000,0x00000007acef6558,0x00000007c7200000)
  from space 465920K, 17% used [0x00000007c7200000,0x00000007cbfd9b28,0x00000007e3900000)
  to   space 465920K, 0% used [0x00000007e3900000,0x00000007e3900000,0x0000000800000000)
 ParOldGen       total 751616K, used 489146K [0x0000000700000000, 0x000000072de00000, 0x00000007aaa80000)
  object space 751616K, 65% used [0x0000000700000000,0x000000071ddae9f8,0x000000072de00000)
 PSPermGen       total 21504K, used 6721K [0x00000006fae00000, 0x00000006fc300000, 0x0000000700000000)
  object space 21504K, 31% used [0x00000006fae00000,0x00000006fb4904c0,0x00000006fc300000)
GC Heap History (10 events):
Event: 147.565 GC heap before
{Heap before GC invocations=40 (full 6):
 PSYoungGen      total 795648K, used 785813K [0x00000007aaa80000, 0x00000007fdb00000, 0x0000000800000000)
  eden space 389120K, 100% used [0x00000007aaa80000,0x00000007c2680000,0x00000007c2680000)
  from space 406528K, 97% used [0x00000007c2680000,0x00000007da9e5728,0x00000007db380000)
  to   space 465920K, 0% used [0x00000007e1400000,0x00000007e1400000,0x00000007fdb00000)
 ParOldGen       total 754176K, used 539717K [0x0000000700000000, 0x000000072e080000, 0x00000007aaa80000)
  object space 754176K, 71% used [0x0000000700000000,0x0000000720f11410,0x000000072e080000)
 PSPermGen       total 21504K, used 6720K [0x00000006fae00000, 0x00000006fc300000, 0x0000000700000000)
  object space 21504K, 31% used [0x00000006fae00000,0x00000006fb490248,0x00000006fc300000)
Event: 149.494 GC heap after
Heap after GC invocations=40 (full 6):
 PSYoungGen      total 894464K, used 425599K [0x00000007aaa80000, 0x00000007fe400000, 0x0000000800000000)
  eden space 428544K, 0% used [0x00000007aaa80000,0x00000007aaa80000,0x00000007c4d00000)
  from space 465920K, 91% used [0x00000007e1400000,0x00000007fb39fe88,0x00000007fdb00000)
  to   space 465920K, 0% used [0x00000007c4d00000,0x00000007c4d00000,0x00000007e1400000)
 ParOldGen       total 754176K, used 568089K [0x0000000700000000, 0x000000072e080000, 0x00000007aaa80000)
  object space 754176K, 75% used [0x0000000700000000,0x0000000722ac6728,0x000000072e080000)
 PSPermGen       total 21504K, used 6720K [0x00000006fae00000, 0x00000006fc300000, 0x0000000700000000)
  object space 21504K, 31% used [0x00000006fae00000,0x00000006fb490248,0x00000006fc300000)
}
Event: 167.915 GC heap before
{Heap before GC invocations=41 (full 6):
 PSYoungGen      total 894464K, used 854143K [0x00000007aaa80000, 0x00000007fe400000, 0x0000000800000000)
  eden space 428544K, 100% used [0x00000007aaa80000,0x00000007c4d00000,0x00000007c4d00000)
  from space 465920K, 91% used [0x00000007e1400000,0x00000007fb39fe88,0x00000007fdb00000)
  to   space 465920K, 0% used [0x00000007c4d00000,0x00000007c4d00000,0x00000007e1400000)
 ParOldGen       total 754176K, used 568089K [0x0000000700000000, 0x000000072e080000, 0x00000007aaa80000)
  object space 754176K, 75% used [0x0000000700000000,0x0000000722ac6728,0x000000072e080000)
 PSPermGen       total 21504K, used 6721K [0x00000006fae00000, 0x00000006fc300000, 0x0000000700000000)
  object space 21504K, 31% used [0x00000006fae00000,0x00000006fb490428,0x00000006fc300000)
Event: 169.753 GC heap after
Heap after GC invocations=41 (full 6):
 PSYoungGen      total 894464K, used 434166K [0x00000007aaa80000, 0x0000000800000000, 0x0000000800000000)
  eden space 428544K, 0% used [0x00000007aaa80000,0x00000007aaa80000,0x00000007c4d00000)
  from space 465920K, 93% used [0x00000007c4d00000,0x00000007df4fdab8,0x00000007e1400000)
  to   space 465920K, 0% used [0x00000007e3900000,0x00000007e3900000,0x0000000800000000)
 ParOldGen       total 754176K, used 610450K [0x0000000700000000, 0x000000072e080000, 0x00000007aaa80000)
  object space 754176K, 80% used [0x0000000700000000,0x00000007254249e0,0x000000072e080000)
 PSPermGen       total 21504K, used 6721K [0x00000006fae00000, 0x00000006fc300000, 0x0000000700000000)
  object space 21504K, 31% used [0x00000006fae00000,0x00000006fb490428,0x00000006fc300000)
}
Event: 180.427 GC heap before
{Heap before GC invocations=42 (full 6):
 PSYoungGen      total 894464K, used 862710K [0x00000007aaa80000, 0x0000000800000000, 0x0000000800000000)
  eden space 428544K, 100% used [0x00000007aaa80000,0x00000007c4d00000,0x00000007c4d00000)
  from space 465920K, 93% used [0x00000007c4d00000,0x00000007df4fdab8,0x00000007e1400000)
  to   space 465920K, 0% used [0x00000007e3900000,0x00000007e3900000,0x0000000800000000)
 ParOldGen       total 754176K, used 610450K [0x0000000700000000, 0x000000072e080000, 0x00000007aaa80000)
  object space 754176K, 80% used [0x0000000700000000,0x00000007254249e0,0x000000072e080000)
 PSPermGen       total 21504K, used 6721K [0x00000006fae00000, 0x00000006fc300000, 0x0000000700000000)
  object space 21504K, 31% used [0x00000006fae00000,0x00000006fb4907d8,0x00000006fc300000)
Event: 184.163 GC heap after
Heap after GC invocations=42 (full 6):
 PSYoungGen      total 932352K, used 405768K [0x00000007aaa80000, 0x0000000800000000, 0x0000000800000000)
  eden space 466432K, 0% used [0x00000007aaa80000,0x00000007aaa80000,0x00000007c7200000)
  from space 465920K, 87% used [0x00000007e3900000,0x00000007fc542050,0x0000000800000000)
  to   space 465920K, 0% used [0x00000007c7200000,0x00000007c7200000,0x00000007e3900000)
 ParOldGen       total 754176K, used 709576K [0x0000000700000000, 0x000000072e080000, 0x00000007aaa80000)
  object space 754176K, 94% used [0x0000000700000000,0x000000072b4f2040,0x000000072e080000)
 PSPermGen       total 21504K, used 6721K [0x00000006fae00000, 0x00000006fc300000, 0x0000000700000000)
  object space 21504K, 31% used [0x00000006fae00000,0x00000006fb4907d8,0x00000006fc300000)
}
Event: 184.361 GC heap before
{Heap before GC invocations=43 (full 7):
 PSYoungGen      total 932352K, used 405768K [0x00000007aaa80000, 0x0000000800000000, 0x0000000800000000)
  eden space 466432K, 0% used [0x00000007aaa80000,0x00000007aaa80000,0x00000007c7200000)
  from space 465920K, 87% used [0x00000007e3900000,0x00000007fc542050,0x0000000800000000)
  to   space 465920K, 0% used [0x00000007c7200000,0x00000007c7200000,0x00000007e3900000)
 ParOldGen       total 754176K, used 709576K [0x0000000700000000, 0x000000072e080000, 0x00000007aaa80000)
  object space 754176K, 94% used [0x0000000700000000,0x000000072b4f2040,0x000000072e080000)
 PSPermGen       total 21504K, used 6721K [0x00000006fae00000, 0x00000006fc300000, 0x0000000700000000)
  object space 21504K, 31% used [0x00000006fae00000,0x00000006fb4907d8,0x00000006fc300000)
Event: 393.693 GC heap after
Heap after GC invocations=43 (full 7):
 PSYoungGen      total 932352K, used 0K [0x00000007aaa80000, 0x0000000800000000, 0x0000000800000000)
  eden space 466432K, 0% used [0x00000007aaa80000,0x00000007aaa80000,0x00000007c7200000)
  from space 465920K, 0% used [0x00000007e3900000,0x00000007e3900000,0x0000000800000000)
  to   space 465920K, 0% used [0x00000007c7200000,0x00000007c7200000,0x00000007e3900000)
 ParOldGen       total 751616K, used 489146K [0x0000000700000000, 0x000000072de00000, 0x00000007aaa80000)
  object space 751616K, 65% used [0x0000000700000000,0x000000071ddae9f8,0x000000072de00000)
 PSPermGen       total 21504K, used 6719K [0x00000006fae00000, 0x00000006fc300000, 0x0000000700000000)
  object space 21504K, 31% used [0x00000006fae00000,0x00000006fb48ffc8,0x00000006fc300000)
}
Event: 10666.940 GC heap before
{Heap before GC invocations=44 (full 7):
 PSYoungGen      total 932352K, used 466432K [0x00000007aaa80000, 0x0000000800000000, 0x0000000800000000)
  eden space 466432K, 100% used [0x00000007aaa80000,0x00000007c7200000,0x00000007c7200000)
  from space 465920K, 0% used [0x00000007e3900000,0x00000007e3900000,0x0000000800000000)
  to   space 465920K, 0% used [0x00000007c7200000,0x00000007c7200000,0x00000007e3900000)
 ParOldGen       total 751616K, used 489146K [0x0000000700000000, 0x000000072de00000, 0x00000007aaa80000)
  object space 751616K, 65% used [0x0000000700000000,0x000000071ddae9f8,0x000000072de00000)
 PSPermGen       total 21504K, used 6721K [0x00000006fae00000, 0x00000006fc300000, 0x0000000700000000)
  object space 21504K, 31% used [0x00000006fae00000,0x00000006fb490418,0x00000006fc300000)
Event: 10689.922 GC heap after
Heap after GC invocations=44 (full 7):
 PSYoungGen      total 932352K, used 79718K [0x00000007aaa80000, 0x0000000800000000, 0x0000000800000000)
  eden space 466432K, 0% used [0x00000007aaa80000,0x00000007aaa80000,0x00000007c7200000)
  from space 465920K, 17% used [0x00000007c7200000,0x00000007cbfd9b28,0x00000007e3900000)
  to   space 465920K, 0% used [0x00000007e3900000,0x00000007e3900000,0x0000000800000000)
 ParOldGen       total 751616K, used 489146K [0x0000000700000000, 0x000000072de00000, 0x00000007aaa80000)
  object space 751616K, 65% used [0x0000000700000000,0x000000071ddae9f8,0x000000072de00000)
 PSPermGen       total 21504K, used 6721K [0x00000006fae00000, 0x00000006fc300000, 0x0000000700000000)
  object space 21504K, 31% used [0x00000006fae00000,0x00000006fb490418,0x00000006fc300000)
}

